### ISSUE TITLE
coreutils:  base64 reads beyond size of file

### ISSUE THREAD

**Issue by ameily** [trailofbits/binrec-tob#25]
The `base64` coreutils sample routinely reads past the end of a file, which results in a segfault. Looking at the recovered bitcode, I'm not seeing a reference to `feof`, which the `base64` sample calls (see [base64.c](https://github.com/coreutils/coreutils/blob/v8.23/src/base64.c#L168)). The original binary doesn't import `feof` either, so this may not be related.

In testing, I found that the segfault occurs when trying to write beyond the output buffer. I am seeing that `base64` is filling the buffer with `A` characters, which is what you'd expect trying to encode the `null` byte repeatedly.

In this example, the file being read is encoded as a base64 array with the size `0xea3`. The next character (`0xea4`) is the start of encoding null bytes. Here, in the recovered binary:

- `$edx` is the address of the output array
- `$esi` is the current output index into the array.
- `$al` is the base64 encoded character for the current input byte

```gdb
Program received signal SIGSEGV, Segmentation fault.
=> 0x904952f <Func_main+943>:	mov    BYTE PTR [edx+esi*1],al
(gdb) p/x $esi
$1 = 0x2d014

(gdb) x/32c $edx+0xea0
0xa042e8c <stack+16739868>:	97 'a'	87 'W'	52 '4'	75 'K'	65 'A'
```

I've verified that the last 10+ bytes of the array are correct and match the output of the original `base64` program. SO, it appears that base64 is reading beyond the end of the file, which returns arrays of `0`.

I haven't seen this behavior on similar samples, such as `cat`, so I'm not sure if this is isolated to `base64` or more widespread.
